mode: set
/home/lleite/projects/aicockpit/cmd/kb.go:16.96,30.2 6 1
/home/lleite/projects/aicockpit/cmd/kb.go:33.102,42.55 3 1
/home/lleite/projects/aicockpit/cmd/kb.go:42.55,55.18 7 0
/home/lleite/projects/aicockpit/cmd/kb.go:55.18,57.5 1 0
/home/lleite/projects/aicockpit/cmd/kb.go:59.4,59.27 1 0
/home/lleite/projects/aicockpit/cmd/kb.go:59.27,62.5 2 0
/home/lleite/projects/aicockpit/cmd/kb.go:65.4,66.18 2 0
/home/lleite/projects/aicockpit/cmd/kb.go:66.18,68.5 1 0
/home/lleite/projects/aicockpit/cmd/kb.go:71.4,71.49 1 0
/home/lleite/projects/aicockpit/cmd/kb.go:71.49,74.5 2 0
/home/lleite/projects/aicockpit/cmd/kb.go:77.4,77.18 1 0
/home/lleite/projects/aicockpit/cmd/kb.go:78.16,79.31 1 0
/home/lleite/projects/aicockpit/cmd/kb.go:80.17,81.32 1 0
/home/lleite/projects/aicockpit/cmd/kb.go:82.12,83.34 1 0
/home/lleite/projects/aicockpit/cmd/kb.go:88.2,91.18 3 1
/home/lleite/projects/aicockpit/cmd/kb.go:95.100,102.55 2 1
/home/lleite/projects/aicockpit/cmd/kb.go:102.55,111.18 4 0
/home/lleite/projects/aicockpit/cmd/kb.go:111.18,113.5 1 0
/home/lleite/projects/aicockpit/cmd/kb.go:115.4,115.27 1 0
/home/lleite/projects/aicockpit/cmd/kb.go:115.27,118.5 2 0
/home/lleite/projects/aicockpit/cmd/kb.go:121.4,121.18 1 0
/home/lleite/projects/aicockpit/cmd/kb.go:122.16,123.42 1 0
/home/lleite/projects/aicockpit/cmd/kb.go:124.17,125.43 1 0
/home/lleite/projects/aicockpit/cmd/kb.go:126.12,127.45 1 0
/home/lleite/projects/aicockpit/cmd/kb.go:132.2,134.16 2 1
/home/lleite/projects/aicockpit/cmd/kb.go:138.99,144.55 1 1
/home/lleite/projects/aicockpit/cmd/kb.go:144.55,157.4 6 0
/home/lleite/projects/aicockpit/cmd/kb.go:160.2,160.15 1 1
/home/lleite/projects/aicockpit/cmd/kb.go:164.102,170.55 1 1
/home/lleite/projects/aicockpit/cmd/kb.go:170.55,183.4 6 0
/home/lleite/projects/aicockpit/cmd/kb.go:186.2,186.18 1 1
/home/lleite/projects/aicockpit/cmd/kb.go:190.50,192.16 2 1
/home/lleite/projects/aicockpit/cmd/kb.go:192.16,194.3 1 0
/home/lleite/projects/aicockpit/cmd/kb.go:195.2,196.12 2 1
/home/lleite/projects/aicockpit/cmd/kb.go:200.53,204.41 3 1
/home/lleite/projects/aicockpit/cmd/kb.go:204.41,211.3 6 1
/home/lleite/projects/aicockpit/cmd/kb.go:213.2,213.12 1 1
/home/lleite/projects/aicockpit/cmd/kb.go:217.51,226.41 5 1
/home/lleite/projects/aicockpit/cmd/kb.go:226.41,228.22 2 1
/home/lleite/projects/aicockpit/cmd/kb.go:228.22,230.4 1 0
/home/lleite/projects/aicockpit/cmd/kb.go:232.3,233.21 2 1
/home/lleite/projects/aicockpit/cmd/kb.go:233.21,235.4 1 0
/home/lleite/projects/aicockpit/cmd/kb.go:237.3,237.100 1 1
/home/lleite/projects/aicockpit/cmd/kb.go:240.2,240.12 1 1
/home/lleite/projects/aicockpit/cmd/kb.go:244.58,254.32 3 1
/home/lleite/projects/aicockpit/cmd/kb.go:254.32,262.3 1 1
/home/lleite/projects/aicockpit/cmd/kb.go:264.2,265.16 2 1
/home/lleite/projects/aicockpit/cmd/kb.go:265.16,267.3 1 0
/home/lleite/projects/aicockpit/cmd/kb.go:268.2,269.12 2 1
/home/lleite/projects/aicockpit/cmd/kb.go:273.61,276.32 2 1
/home/lleite/projects/aicockpit/cmd/kb.go:276.32,282.3 5 1
/home/lleite/projects/aicockpit/cmd/kb.go:284.2,284.12 1 1
/home/lleite/projects/aicockpit/cmd/kb.go:288.59,296.32 4 1
/home/lleite/projects/aicockpit/cmd/kb.go:296.32,298.22 2 1
/home/lleite/projects/aicockpit/cmd/kb.go:298.22,300.4 1 0
/home/lleite/projects/aicockpit/cmd/kb.go:302.3,303.19 2 1
/home/lleite/projects/aicockpit/cmd/kb.go:303.19,305.4 1 0
/home/lleite/projects/aicockpit/cmd/kb.go:307.3,308.21 2 1
/home/lleite/projects/aicockpit/cmd/kb.go:308.21,310.4 1 0
/home/lleite/projects/aicockpit/cmd/kb.go:312.3,312.57 1 1
/home/lleite/projects/aicockpit/cmd/kb.go:315.2,315.12 1 1
