mode: atomic
github.com/lleite/aicockpit/internal/i18n/i18n.go:21.39,22.17 1 1
github.com/lleite/aicockpit/internal/i18n/i18n.go:22.17,27.3 1 1
github.com/lleite/aicockpit/internal/i18n/i18n.go:28.2,28.17 1 1
github.com/lleite/aicockpit/internal/i18n/i18n.go:32.24,33.21 1 5
github.com/lleite/aicockpit/internal/i18n/i18n.go:33.21,35.3 1 0
github.com/lleite/aicockpit/internal/i18n/i18n.go:36.2,36.17 1 5
github.com/lleite/aicockpit/internal/i18n/i18n.go:40.51,44.2 3 4
github.com/lleite/aicockpit/internal/i18n/i18n.go:47.64,51.44 3 7
github.com/lleite/aicockpit/internal/i18n/i18n.go:51.44,52.31 1 7
github.com/lleite/aicockpit/internal/i18n/i18n.go:52.31,53.21 1 6
github.com/lleite/aicockpit/internal/i18n/i18n.go:53.21,55.5 1 1
github.com/lleite/aicockpit/internal/i18n/i18n.go:56.4,56.14 1 5
github.com/lleite/aicockpit/internal/i18n/i18n.go:61.2,61.41 1 1
github.com/lleite/aicockpit/internal/i18n/i18n.go:61.41,62.31 1 1
github.com/lleite/aicockpit/internal/i18n/i18n.go:62.31,63.21 1 0
github.com/lleite/aicockpit/internal/i18n/i18n.go:63.21,65.5 1 0
github.com/lleite/aicockpit/internal/i18n/i18n.go:66.4,66.14 1 0
github.com/lleite/aicockpit/internal/i18n/i18n.go:70.2,70.12 1 1
github.com/lleite/aicockpit/internal/i18n/i18n.go:74.50,167.2 1 1
github.com/lleite/aicockpit/internal/logger/logger.go:27.20,28.17 1 3
github.com/lleite/aicockpit/internal/logger/logger.go:28.17,31.3 2 1
github.com/lleite/aicockpit/internal/logger/logger.go:32.2,32.17 1 3
github.com/lleite/aicockpit/internal/logger/logger.go:36.25,39.52 2 1
github.com/lleite/aicockpit/internal/logger/logger.go:39.52,42.3 2 0
github.com/lleite/aicockpit/internal/logger/logger.go:45.2,50.16 4 1
github.com/lleite/aicockpit/internal/logger/logger.go:50.16,53.3 2 0
github.com/lleite/aicockpit/internal/logger/logger.go:54.2,65.30 5 1
github.com/lleite/aicockpit/internal/logger/logger.go:69.32,73.22 3 0
github.com/lleite/aicockpit/internal/logger/logger.go:73.22,75.3 1 0
github.com/lleite/aicockpit/internal/logger/logger.go:76.2,76.12 1 0
github.com/lleite/aicockpit/internal/logger/logger.go:80.38,82.2 1 2
github.com/lleite/aicockpit/internal/logging/file_logger.go:30.74,31.52 1 5
github.com/lleite/aicockpit/internal/logging/file_logger.go:31.52,33.3 1 0
github.com/lleite/aicockpit/internal/logging/file_logger.go:35.2,41.44 2 5
github.com/lleite/aicockpit/internal/logging/file_logger.go:41.44,43.3 1 0
github.com/lleite/aicockpit/internal/logging/file_logger.go:45.2,45.16 1 5
github.com/lleite/aicockpit/internal/logging/file_logger.go:49.46,52.49 2 13
github.com/lleite/aicockpit/internal/logging/file_logger.go:52.49,54.3 1 8
github.com/lleite/aicockpit/internal/logging/file_logger.go:57.2,57.23 1 5
github.com/lleite/aicockpit/internal/logging/file_logger.go:57.23,59.3 1 0
github.com/lleite/aicockpit/internal/logging/file_logger.go:62.2,66.16 4 5
github.com/lleite/aicockpit/internal/logging/file_logger.go:66.16,68.3 1 0
github.com/lleite/aicockpit/internal/logging/file_logger.go:70.2,73.12 3 5
github.com/lleite/aicockpit/internal/logging/file_logger.go:77.95,82.44 3 8
github.com/lleite/aicockpit/internal/logging/file_logger.go:82.44,84.3 1 0
github.com/lleite/aicockpit/internal/logging/file_logger.go:86.2,94.19 3 8
github.com/lleite/aicockpit/internal/logging/file_logger.go:94.19,96.17 2 7
github.com/lleite/aicockpit/internal/logging/file_logger.go:96.17,98.4 1 0
github.com/lleite/aicockpit/internal/logging/file_logger.go:99.3,99.29 1 7
github.com/lleite/aicockpit/internal/logging/file_logger.go:100.8,103.23 2 1
github.com/lleite/aicockpit/internal/logging/file_logger.go:103.23,104.30 1 0
github.com/lleite/aicockpit/internal/logging/file_logger.go:104.30,106.5 1 0
github.com/lleite/aicockpit/internal/logging/file_logger.go:108.3,113.4 1 1
github.com/lleite/aicockpit/internal/logging/file_logger.go:116.2,116.56 1 8
github.com/lleite/aicockpit/internal/logging/file_logger.go:116.56,118.3 1 0
github.com/lleite/aicockpit/internal/logging/file_logger.go:120.2,120.12 1 8
github.com/lleite/aicockpit/internal/logging/file_logger.go:124.37,128.23 3 5
github.com/lleite/aicockpit/internal/logging/file_logger.go:128.23,130.3 1 5
github.com/lleite/aicockpit/internal/logging/file_logger.go:131.2,131.12 1 0
github.com/lleite/aicockpit/internal/logging/file_logger.go:135.61,138.2 2 3
github.com/lleite/aicockpit/internal/logging/file_logger.go:141.54,143.16 2 2
github.com/lleite/aicockpit/internal/logging/file_logger.go:143.16,145.3 1 0
github.com/lleite/aicockpit/internal/logging/file_logger.go:147.2,148.32 2 2
github.com/lleite/aicockpit/internal/logging/file_logger.go:148.32,149.61 1 2
github.com/lleite/aicockpit/internal/logging/file_logger.go:149.61,151.4 1 2
github.com/lleite/aicockpit/internal/logging/file_logger.go:154.2,154.18 1 2
github.com/lleite/aicockpit/internal/logging/manager.go:19.54,24.16 3 0
github.com/lleite/aicockpit/internal/logging/manager.go:24.16,26.3 1 0
github.com/lleite/aicockpit/internal/logging/manager.go:29.2,37.21 3 0
github.com/lleite/aicockpit/internal/logging/manager.go:41.146,45.24 3 0
github.com/lleite/aicockpit/internal/logging/manager.go:45.24,47.3 1 0
github.com/lleite/aicockpit/internal/logging/manager.go:50.2,51.19 2 0
github.com/lleite/aicockpit/internal/logging/manager.go:51.19,53.3 1 0
github.com/lleite/aicockpit/internal/logging/manager.go:56.2,57.20 2 0
github.com/lleite/aicockpit/internal/logging/manager.go:57.20,59.3 1 0
github.com/lleite/aicockpit/internal/logging/manager.go:62.2,64.16 3 0
github.com/lleite/aicockpit/internal/logging/manager.go:64.16,67.3 2 0
github.com/lleite/aicockpit/internal/logging/manager.go:70.2,87.58 2 0
github.com/lleite/aicockpit/internal/logging/manager.go:87.58,92.3 1 0
github.com/lleite/aicockpit/internal/logging/manager.go:95.2,104.20 2 0
github.com/lleite/aicockpit/internal/logging/manager.go:104.20,107.3 2 0
github.com/lleite/aicockpit/internal/logging/manager.go:109.2,110.23 2 0
github.com/lleite/aicockpit/internal/logging/manager.go:110.23,112.3 1 0
github.com/lleite/aicockpit/internal/logging/manager.go:114.2,114.87 1 0
github.com/lleite/aicockpit/internal/logging/manager.go:118.81,120.2 1 0
github.com/lleite/aicockpit/internal/logging/manager.go:123.81,125.2 1 0
github.com/lleite/aicockpit/internal/logging/manager.go:128.82,130.2 1 0
github.com/lleite/aicockpit/internal/logging/manager.go:133.50,135.2 1 0
github.com/lleite/aicockpit/internal/logging/manager.go:138.47,140.2 1 0
github.com/lleite/aicockpit/internal/logging/manager.go:143.33,145.2 1 0
github.com/lleite/aicockpit/internal/logging/metrics.go:37.63,49.2 4 5
github.com/lleite/aicockpit/internal/logging/metrics.go:52.75,57.31 3 19
github.com/lleite/aicockpit/internal/logging/metrics.go:57.31,59.3 1 17
github.com/lleite/aicockpit/internal/logging/metrics.go:61.2,64.25 2 19
github.com/lleite/aicockpit/internal/logging/metrics.go:68.49,69.59 1 5
github.com/lleite/aicockpit/internal/logging/metrics.go:69.59,71.3 1 5
github.com/lleite/aicockpit/internal/logging/metrics.go:73.2,74.16 2 0
github.com/lleite/aicockpit/internal/logging/metrics.go:74.16,76.3 1 0
github.com/lleite/aicockpit/internal/logging/metrics.go:78.2,78.58 1 0
github.com/lleite/aicockpit/internal/logging/metrics.go:78.58,80.3 1 0
github.com/lleite/aicockpit/internal/logging/metrics.go:82.2,82.12 1 0
github.com/lleite/aicockpit/internal/logging/metrics.go:86.49,88.16 2 19
github.com/lleite/aicockpit/internal/logging/metrics.go:88.16,90.3 1 0
github.com/lleite/aicockpit/internal/logging/metrics.go:92.2,92.66 1 19
github.com/lleite/aicockpit/internal/logging/metrics.go:92.66,94.3 1 0
github.com/lleite/aicockpit/internal/logging/metrics.go:96.2,96.12 1 19
github.com/lleite/aicockpit/internal/logging/metrics.go:100.60,108.2 5 1
github.com/lleite/aicockpit/internal/logging/metrics.go:111.83,116.31 4 2
github.com/lleite/aicockpit/internal/logging/metrics.go:116.31,117.27 1 8
github.com/lleite/aicockpit/internal/logging/metrics.go:117.27,119.4 1 3
github.com/lleite/aicockpit/internal/logging/metrics.go:121.2,121.15 1 2
github.com/lleite/aicockpit/internal/logging/metrics.go:125.80,130.31 4 2
github.com/lleite/aicockpit/internal/logging/metrics.go:130.31,131.68 1 4
github.com/lleite/aicockpit/internal/logging/metrics.go:131.68,133.4 1 2
github.com/lleite/aicockpit/internal/logging/metrics.go:135.2,135.15 1 2
github.com/lleite/aicockpit/internal/logging/metrics.go:139.81,144.31 4 2
github.com/lleite/aicockpit/internal/logging/metrics.go:144.31,145.25 1 4
github.com/lleite/aicockpit/internal/logging/metrics.go:145.25,147.4 1 2
github.com/lleite/aicockpit/internal/logging/metrics.go:149.2,149.15 1 2
github.com/lleite/aicockpit/internal/logging/metrics.go:153.63,167.26 4 1
github.com/lleite/aicockpit/internal/logging/metrics.go:167.26,169.3 1 0
github.com/lleite/aicockpit/internal/logging/metrics.go:171.2,177.31 6 1
github.com/lleite/aicockpit/internal/logging/metrics.go:177.31,178.28 1 10
github.com/lleite/aicockpit/internal/logging/metrics.go:178.28,180.4 1 6
github.com/lleite/aicockpit/internal/logging/metrics.go:180.9,182.25 2 4
github.com/lleite/aicockpit/internal/logging/metrics.go:182.25,184.5 1 0
github.com/lleite/aicockpit/internal/logging/metrics.go:187.3,188.29 2 10
github.com/lleite/aicockpit/internal/logging/metrics.go:191.2,199.14 8 1
github.com/lleite/aicockpit/internal/logging/metrics.go:203.43,209.2 4 0
github.com/lleite/aicockpit/internal/kb/index_file.go:20.64,24.2 1 35
github.com/lleite/aicockpit/internal/kb/index_file.go:27.73,29.35 1 13
github.com/lleite/aicockpit/internal/kb/index_file.go:29.35,31.3 1 4
github.com/lleite/aicockpit/internal/kb/index_file.go:34.2,35.16 2 9
github.com/lleite/aicockpit/internal/kb/index_file.go:35.16,37.54 2 2
github.com/lleite/aicockpit/internal/kb/index_file.go:37.54,41.4 3 1
github.com/lleite/aicockpit/internal/kb/index_file.go:45.2,45.30 1 8
github.com/lleite/aicockpit/internal/kb/index_file.go:49.61,50.18 1 19
github.com/lleite/aicockpit/internal/kb/index_file.go:50.18,52.3 1 1
github.com/lleite/aicockpit/internal/kb/index_file.go:55.2,59.16 3 18
github.com/lleite/aicockpit/internal/kb/index_file.go:59.16,61.3 1 0
github.com/lleite/aicockpit/internal/kb/index_file.go:64.2,65.48 2 18
github.com/lleite/aicockpit/internal/kb/index_file.go:65.48,67.3 1 0
github.com/lleite/aicockpit/internal/kb/index_file.go:70.2,70.63 1 18
github.com/lleite/aicockpit/internal/kb/index_file.go:70.63,72.3 1 0
github.com/lleite/aicockpit/internal/kb/index_file.go:75.2,78.12 3 18
github.com/lleite/aicockpit/internal/kb/index_file.go:82.67,88.2 2 5
github.com/lleite/aicockpit/internal/kb/index_file.go:91.76,99.29 2 13
github.com/lleite/aicockpit/internal/kb/index_file.go:99.29,101.17 2 14
github.com/lleite/aicockpit/internal/kb/index_file.go:101.17,104.12 2 1
github.com/lleite/aicockpit/internal/kb/index_file.go:106.3,106.47 1 13
github.com/lleite/aicockpit/internal/kb/index_file.go:110.2,110.43 1 13
github.com/lleite/aicockpit/internal/kb/index_file.go:110.43,112.3 1 0
github.com/lleite/aicockpit/internal/kb/index_file.go:114.2,114.19 1 13
github.com/lleite/aicockpit/internal/kb/index_file.go:118.76,125.82 2 14
github.com/lleite/aicockpit/internal/kb/index_file.go:125.82,126.17 1 25
github.com/lleite/aicockpit/internal/kb/index_file.go:126.17,128.4 1 1
github.com/lleite/aicockpit/internal/kb/index_file.go:131.3,131.19 1 24
github.com/lleite/aicockpit/internal/kb/index_file.go:131.19,133.4 1 13
github.com/lleite/aicockpit/internal/kb/index_file.go:136.3,136.34 1 11
github.com/lleite/aicockpit/internal/kb/index_file.go:136.34,138.4 1 0
github.com/lleite/aicockpit/internal/kb/index_file.go:141.3,142.17 2 11
github.com/lleite/aicockpit/internal/kb/index_file.go:142.17,144.4 1 0
github.com/lleite/aicockpit/internal/kb/index_file.go:147.3,148.17 2 11
github.com/lleite/aicockpit/internal/kb/index_file.go:148.17,152.4 2 0
github.com/lleite/aicockpit/internal/kb/index_file.go:155.3,167.13 3 11
github.com/lleite/aicockpit/internal/kb/index_file.go:170.2,170.16 1 14
github.com/lleite/aicockpit/internal/kb/index_file.go:170.16,172.3 1 1
github.com/lleite/aicockpit/internal/kb/index_file.go:174.2,174.23 1 13
github.com/lleite/aicockpit/internal/kb/index_file.go:178.82,180.16 2 11
github.com/lleite/aicockpit/internal/kb/index_file.go:180.16,182.3 1 0
github.com/lleite/aicockpit/internal/kb/index_file.go:185.2,190.16 4 11
github.com/lleite/aicockpit/internal/kb/index_file.go:190.16,192.3 1 0
github.com/lleite/aicockpit/internal/kb/index_file.go:194.2,194.17 1 11
github.com/lleite/aicockpit/internal/kb/index_file.go:198.44,199.20 1 7
github.com/lleite/aicockpit/internal/kb/index_file.go:199.20,201.3 1 1
github.com/lleite/aicockpit/internal/kb/index_file.go:204.2,205.19 2 6
github.com/lleite/aicockpit/internal/kb/index_file.go:209.43,212.2 2 14
github.com/lleite/aicockpit/internal/kb/index_file.go:215.51,217.2 1 1
github.com/lleite/aicockpit/internal/kb/manager.go:21.60,24.20 2 19
github.com/lleite/aicockpit/internal/kb/manager.go:24.20,26.3 1 18
github.com/lleite/aicockpit/internal/kb/manager.go:28.2,35.3 1 19
github.com/lleite/aicockpit/internal/kb/manager.go:39.64,42.16 2 2
github.com/lleite/aicockpit/internal/kb/manager.go:42.16,44.3 1 0
github.com/lleite/aicockpit/internal/kb/manager.go:47.2,48.16 2 2
github.com/lleite/aicockpit/internal/kb/manager.go:48.16,50.3 1 0
github.com/lleite/aicockpit/internal/kb/manager.go:53.2,53.44 1 2
github.com/lleite/aicockpit/internal/kb/manager.go:57.56,60.16 2 1
github.com/lleite/aicockpit/internal/kb/manager.go:60.16,62.3 1 0
github.com/lleite/aicockpit/internal/kb/manager.go:65.2,66.16 2 1
github.com/lleite/aicockpit/internal/kb/manager.go:66.16,68.3 1 0
github.com/lleite/aicockpit/internal/kb/manager.go:70.2,70.23 1 1
github.com/lleite/aicockpit/internal/kb/manager.go:74.67,75.48 1 2
github.com/lleite/aicockpit/internal/kb/manager.go:75.48,77.3 1 1
github.com/lleite/aicockpit/internal/kb/manager.go:79.2,86.48 4 1
github.com/lleite/aicockpit/internal/kb/manager.go:86.48,88.3 1 0
github.com/lleite/aicockpit/internal/kb/manager.go:91.2,91.49 1 1
github.com/lleite/aicockpit/internal/kb/manager.go:91.49,93.3 1 0
github.com/lleite/aicockpit/internal/kb/manager.go:96.2,96.59 1 1
github.com/lleite/aicockpit/internal/kb/manager.go:96.59,98.3 1 0
github.com/lleite/aicockpit/internal/kb/manager.go:100.2,100.12 1 1
github.com/lleite/aicockpit/internal/kb/manager.go:104.56,106.55 1 2
github.com/lleite/aicockpit/internal/kb/manager.go:106.55,108.3 1 1
github.com/lleite/aicockpit/internal/kb/manager.go:111.2,111.59 1 1
github.com/lleite/aicockpit/internal/kb/manager.go:111.59,113.3 1 0
github.com/lleite/aicockpit/internal/kb/manager.go:115.2,115.12 1 1
github.com/lleite/aicockpit/internal/kb/manager.go:119.40,122.2 2 2
github.com/lleite/aicockpit/internal/kb/manager.go:125.39,127.2 1 4
github.com/lleite/aicockpit/internal/kb/manager.go:130.46,132.41 1 3
github.com/lleite/aicockpit/internal/kb/manager.go:132.41,134.3 1 1
github.com/lleite/aicockpit/internal/kb/manager.go:137.2,137.28 1 2
github.com/lleite/aicockpit/internal/kb/manager.go:137.28,138.16 1 2
github.com/lleite/aicockpit/internal/kb/manager.go:138.16,140.4 1 1
github.com/lleite/aicockpit/internal/kb/manager.go:144.2,147.54 2 1
github.com/lleite/aicockpit/internal/kb/manager.go:147.54,149.3 1 0
github.com/lleite/aicockpit/internal/kb/manager.go:151.2,151.12 1 1
github.com/lleite/aicockpit/internal/kb/manager.go:155.49,158.28 2 2
github.com/lleite/aicockpit/internal/kb/manager.go:158.28,159.16 1 2
github.com/lleite/aicockpit/internal/kb/manager.go:159.16,162.9 3 1
github.com/lleite/aicockpit/internal/kb/manager.go:166.2,166.12 1 2
github.com/lleite/aicockpit/internal/kb/manager.go:166.12,168.3 1 1
github.com/lleite/aicockpit/internal/kb/manager.go:171.2,171.54 1 1
github.com/lleite/aicockpit/internal/kb/manager.go:171.54,173.3 1 0
github.com/lleite/aicockpit/internal/kb/manager.go:175.2,175.12 1 1
github.com/lleite/aicockpit/internal/kb/manager.go:179.73,182.40 2 3
github.com/lleite/aicockpit/internal/kb/manager.go:182.40,183.45 1 4
github.com/lleite/aicockpit/internal/kb/manager.go:183.45,189.18 3 4
github.com/lleite/aicockpit/internal/kb/manager.go:189.18,192.13 2 0
github.com/lleite/aicockpit/internal/kb/manager.go:196.4,197.18 2 4
github.com/lleite/aicockpit/internal/kb/manager.go:197.18,200.13 2 0
github.com/lleite/aicockpit/internal/kb/manager.go:203.4,203.38 1 4
github.com/lleite/aicockpit/internal/kb/manager.go:207.2,207.23 1 3
github.com/lleite/aicockpit/internal/kb/manager.go:211.41,213.2 1 1
github.com/lleite/aicockpit/internal/kb/manager.go:216.52,218.2 1 1
github.com/lleite/aicockpit/internal/kb/manager.go:221.59,223.16 2 1
github.com/lleite/aicockpit/internal/kb/manager.go:223.16,225.3 1 0
github.com/lleite/aicockpit/internal/kb/manager.go:226.2,226.31 1 1
github.com/lleite/aicockpit/internal/kb/metadata.go:30.68,32.16 2 29
github.com/lleite/aicockpit/internal/kb/metadata.go:32.16,34.3 1 2
github.com/lleite/aicockpit/internal/kb/metadata.go:36.2,41.8 1 27
github.com/lleite/aicockpit/internal/kb/metadata.go:45.67,49.73 2 32
github.com/lleite/aicockpit/internal/kb/metadata.go:49.73,51.3 1 2
github.com/lleite/aicockpit/internal/kb/metadata.go:54.2,55.34 2 30
github.com/lleite/aicockpit/internal/kb/metadata.go:55.34,56.55 1 159
github.com/lleite/aicockpit/internal/kb/metadata.go:56.55,58.9 2 29
github.com/lleite/aicockpit/internal/kb/metadata.go:62.2,62.24 1 30
github.com/lleite/aicockpit/internal/kb/metadata.go:62.24,64.3 1 1
github.com/lleite/aicockpit/internal/kb/metadata.go:67.2,73.71 5 29
github.com/lleite/aicockpit/internal/kb/metadata.go:73.71,75.3 1 1
github.com/lleite/aicockpit/internal/kb/metadata.go:78.2,78.31 1 28
github.com/lleite/aicockpit/internal/kb/metadata.go:78.31,80.3 1 18
github.com/lleite/aicockpit/internal/kb/metadata.go:81.2,81.32 1 28
github.com/lleite/aicockpit/internal/kb/metadata.go:81.32,83.3 1 18
github.com/lleite/aicockpit/internal/kb/metadata.go:84.2,84.26 1 28
github.com/lleite/aicockpit/internal/kb/metadata.go:84.26,86.3 1 9
github.com/lleite/aicockpit/internal/kb/metadata.go:87.2,87.29 1 28
github.com/lleite/aicockpit/internal/kb/metadata.go:87.29,89.3 1 18
github.com/lleite/aicockpit/internal/kb/metadata.go:91.2,91.31 1 28
github.com/lleite/aicockpit/internal/kb/metadata.go:95.55,98.16 2 13
github.com/lleite/aicockpit/internal/kb/metadata.go:98.16,100.3 1 0
github.com/lleite/aicockpit/internal/kb/metadata.go:103.2,109.25 6 13
github.com/lleite/aicockpit/internal/kb/metadata.go:114.49,118.2 2 25
github.com/lleite/aicockpit/internal/kb/metadata.go:126.83,132.29 4 5
github.com/lleite/aicockpit/internal/kb/metadata.go:132.29,134.39 2 7
github.com/lleite/aicockpit/internal/kb/metadata.go:134.39,138.9 4 3
github.com/lleite/aicockpit/internal/kb/metadata.go:143.2,143.17 1 5
github.com/lleite/aicockpit/internal/kb/metadata.go:143.17,145.3 1 2
github.com/lleite/aicockpit/internal/kb/metadata.go:148.2,149.49 2 5
github.com/lleite/aicockpit/internal/kb/metadata.go:149.49,151.20 2 11
github.com/lleite/aicockpit/internal/kb/metadata.go:151.20,152.12 1 5
github.com/lleite/aicockpit/internal/kb/metadata.go:155.3,155.108 1 6
github.com/lleite/aicockpit/internal/kb/metadata.go:155.108,156.12 1 2
github.com/lleite/aicockpit/internal/kb/metadata.go:158.3,159.8 2 4
github.com/lleite/aicockpit/internal/kb/metadata.go:163.2,163.28 1 5
github.com/lleite/aicockpit/internal/kb/metadata.go:163.28,165.3 1 0
github.com/lleite/aicockpit/internal/kb/metadata.go:168.2,184.8 2 5
github.com/lleite/aicockpit/internal/kb/metadata.go:189.59,190.20 1 12
github.com/lleite/aicockpit/internal/kb/metadata.go:190.20,192.3 1 0
github.com/lleite/aicockpit/internal/kb/metadata.go:195.2,198.29 3 12
github.com/lleite/aicockpit/internal/kb/metadata.go:198.29,200.55 2 22
github.com/lleite/aicockpit/internal/kb/metadata.go:200.55,201.12 1 9
github.com/lleite/aicockpit/internal/kb/metadata.go:205.3,211.33 5 13
github.com/lleite/aicockpit/internal/kb/metadata.go:211.33,212.9 1 1
github.com/lleite/aicockpit/internal/kb/metadata.go:216.2,217.29 2 12
github.com/lleite/aicockpit/internal/kb/metadata.go:217.29,219.3 1 1
github.com/lleite/aicockpit/internal/kb/metadata.go:221.2,221.15 1 12
github.com/lleite/aicockpit/internal/kb/repository.go:16.57,20.2 1 31
github.com/lleite/aicockpit/internal/kb/repository.go:23.72,28.16 3 11
github.com/lleite/aicockpit/internal/kb/repository.go:28.16,30.3 1 1
github.com/lleite/aicockpit/internal/kb/repository.go:33.2,38.16 4 10
github.com/lleite/aicockpit/internal/kb/repository.go:38.16,40.3 1 1
github.com/lleite/aicockpit/internal/kb/repository.go:42.2,42.17 1 9
github.com/lleite/aicockpit/internal/kb/repository.go:46.74,51.16 3 4
github.com/lleite/aicockpit/internal/kb/repository.go:51.16,53.3 1 1
github.com/lleite/aicockpit/internal/kb/repository.go:55.2,55.19 1 3
github.com/lleite/aicockpit/internal/kb/repository.go:55.19,57.3 1 0
github.com/lleite/aicockpit/internal/kb/repository.go:59.2,62.85 2 3
github.com/lleite/aicockpit/internal/kb/repository.go:62.85,63.17 1 12
github.com/lleite/aicockpit/internal/kb/repository.go:63.17,65.4 1 0
github.com/lleite/aicockpit/internal/kb/repository.go:68.3,68.19 1 12
github.com/lleite/aicockpit/internal/kb/repository.go:68.19,70.4 1 5
github.com/lleite/aicockpit/internal/kb/repository.go:73.3,73.38 1 7
github.com/lleite/aicockpit/internal/kb/repository.go:73.38,75.4 1 1
github.com/lleite/aicockpit/internal/kb/repository.go:78.3,79.17 2 6
github.com/lleite/aicockpit/internal/kb/repository.go:79.17,81.4 1 0
github.com/lleite/aicockpit/internal/kb/repository.go:84.3,85.17 2 6
github.com/lleite/aicockpit/internal/kb/repository.go:85.17,89.4 2 0
github.com/lleite/aicockpit/internal/kb/repository.go:91.3,92.13 2 6
github.com/lleite/aicockpit/internal/kb/repository.go:95.2,95.16 1 3
github.com/lleite/aicockpit/internal/kb/repository.go:95.16,97.3 1 0
github.com/lleite/aicockpit/internal/kb/repository.go:99.2,99.23 1 3
github.com/lleite/aicockpit/internal/kb/repository.go:103.61,108.48 3 12
github.com/lleite/aicockpit/internal/kb/repository.go:108.48,110.3 1 0
github.com/lleite/aicockpit/internal/kb/repository.go:113.2,114.16 2 12
github.com/lleite/aicockpit/internal/kb/repository.go:114.16,116.3 1 0
github.com/lleite/aicockpit/internal/kb/repository.go:119.2,119.71 1 12
github.com/lleite/aicockpit/internal/kb/repository.go:119.71,121.3 1 0
github.com/lleite/aicockpit/internal/kb/repository.go:123.2,123.12 1 12
github.com/lleite/aicockpit/internal/kb/repository.go:127.61,130.44 2 4
github.com/lleite/aicockpit/internal/kb/repository.go:130.44,132.3 1 2
github.com/lleite/aicockpit/internal/kb/repository.go:134.2,134.12 1 2
github.com/lleite/aicockpit/internal/kb/search.go:15.57,19.2 1 21
github.com/lleite/aicockpit/internal/kb/search.go:22.96,23.17 1 7
github.com/lleite/aicockpit/internal/kb/search.go:23.17,29.3 1 1
github.com/lleite/aicockpit/internal/kb/search.go:31.2,33.32 2 6
github.com/lleite/aicockpit/internal/kb/search.go:33.32,35.16 2 15
github.com/lleite/aicockpit/internal/kb/search.go:35.16,50.4 2 8
github.com/lleite/aicockpit/internal/kb/search.go:54.2,54.42 1 6
github.com/lleite/aicockpit/internal/kb/search.go:54.42,56.3 1 3
github.com/lleite/aicockpit/internal/kb/search.go:58.2,62.8 1 6
github.com/lleite/aicockpit/internal/kb/search.go:74.40,81.2 1 43
github.com/lleite/aicockpit/internal/kb/search.go:89.76,90.17 1 19
github.com/lleite/aicockpit/internal/kb/search.go:90.17,92.3 1 1
github.com/lleite/aicockpit/internal/kb/search.go:94.2,95.24 2 18
github.com/lleite/aicockpit/internal/kb/search.go:95.24,97.3 1 0
github.com/lleite/aicockpit/internal/kb/search.go:99.2,118.22 10 18
github.com/lleite/aicockpit/internal/kb/search.go:118.22,120.3 1 4
github.com/lleite/aicockpit/internal/kb/search.go:122.2,122.19 1 18
github.com/lleite/aicockpit/internal/kb/search.go:126.77,128.2 1 0
github.com/lleite/aicockpit/internal/kb/search.go:131.85,134.2 1 5
github.com/lleite/aicockpit/internal/kb/search.go:137.38,150.30 6 24
github.com/lleite/aicockpit/internal/kb/search.go:150.30,151.18 1 26
github.com/lleite/aicockpit/internal/kb/search.go:151.18,153.4 1 26
github.com/lleite/aicockpit/internal/kb/search.go:156.2,156.17 1 24
github.com/lleite/aicockpit/internal/kb/search.go:161.66,162.38 1 42
github.com/lleite/aicockpit/internal/kb/search.go:162.38,164.3 1 4
github.com/lleite/aicockpit/internal/kb/search.go:166.2,169.35 3 38
github.com/lleite/aicockpit/internal/kb/search.go:169.35,170.48 1 42
github.com/lleite/aicockpit/internal/kb/search.go:170.48,172.4 1 15
github.com/lleite/aicockpit/internal/kb/search.go:176.2,176.53 1 38
github.com/lleite/aicockpit/internal/kb/search.go:181.67,182.42 1 25
github.com/lleite/aicockpit/internal/kb/search.go:182.42,184.3 1 3
github.com/lleite/aicockpit/internal/kb/search.go:186.2,187.35 2 22
github.com/lleite/aicockpit/internal/kb/search.go:187.35,188.28 1 26
github.com/lleite/aicockpit/internal/kb/search.go:188.28,189.90 1 42
github.com/lleite/aicockpit/internal/kb/search.go:189.90,191.10 2 14
github.com/lleite/aicockpit/internal/kb/search.go:196.2,196.53 1 22
github.com/lleite/aicockpit/internal/kb/search.go:201.71,202.41 1 23
github.com/lleite/aicockpit/internal/kb/search.go:202.41,204.3 1 2
github.com/lleite/aicockpit/internal/kb/search.go:206.2,209.35 3 21
github.com/lleite/aicockpit/internal/kb/search.go:209.35,213.3 2 21
github.com/lleite/aicockpit/internal/kb/search.go:215.2,215.23 1 21
github.com/lleite/aicockpit/internal/kb/search.go:215.23,217.3 1 12
github.com/lleite/aicockpit/internal/kb/search.go:220.2,221.21 2 9
github.com/lleite/aicockpit/internal/kb/search.go:221.21,223.3 1 0
github.com/lleite/aicockpit/internal/kb/search.go:225.2,228.19 2 9
github.com/lleite/aicockpit/internal/kb/search.go:228.19,230.3 1 9
github.com/lleite/aicockpit/internal/kb/search.go:232.2,232.22 1 9
github.com/lleite/aicockpit/cmd/doctor.go:17.100,22.55 1 0
github.com/lleite/aicockpit/cmd/doctor.go:22.55,24.4 1 0
github.com/lleite/aicockpit/cmd/doctor.go:28.84,45.47 13 0
github.com/lleite/aicockpit/cmd/doctor.go:45.47,47.3 1 0
github.com/lleite/aicockpit/cmd/doctor.go:47.8,50.3 2 0
github.com/lleite/aicockpit/cmd/doctor.go:53.2,54.47 2 0
github.com/lleite/aicockpit/cmd/doctor.go:54.47,56.3 1 0
github.com/lleite/aicockpit/cmd/doctor.go:56.8,59.3 2 0
github.com/lleite/aicockpit/cmd/doctor.go:62.2,63.46 2 0
github.com/lleite/aicockpit/cmd/doctor.go:63.46,65.3 1 0
github.com/lleite/aicockpit/cmd/doctor.go:65.8,68.3 2 0
github.com/lleite/aicockpit/cmd/doctor.go:71.2,72.45 2 0
github.com/lleite/aicockpit/cmd/doctor.go:72.45,74.3 1 0
github.com/lleite/aicockpit/cmd/doctor.go:74.8,77.3 2 0
github.com/lleite/aicockpit/cmd/doctor.go:80.2,81.49 2 0
github.com/lleite/aicockpit/cmd/doctor.go:81.49,83.3 1 0
github.com/lleite/aicockpit/cmd/doctor.go:83.8,86.3 2 0
github.com/lleite/aicockpit/cmd/doctor.go:89.2,90.46 2 0
github.com/lleite/aicockpit/cmd/doctor.go:90.46,92.3 1 0
github.com/lleite/aicockpit/cmd/doctor.go:92.8,95.3 2 0
github.com/lleite/aicockpit/cmd/doctor.go:97.2,99.11 2 0
github.com/lleite/aicockpit/cmd/doctor.go:99.11,101.3 1 0
github.com/lleite/aicockpit/cmd/doctor.go:101.8,103.3 1 0
github.com/lleite/aicockpit/cmd/doctor.go:105.2,107.12 3 0
github.com/lleite/aicockpit/cmd/doctor.go:107.12,109.3 1 0
github.com/lleite/aicockpit/cmd/doctor.go:110.2,112.12 2 0
github.com/lleite/aicockpit/cmd/info.go:17.98,22.55 1 0
github.com/lleite/aicockpit/cmd/info.go:22.55,24.4 1 0
github.com/lleite/aicockpit/cmd/info.go:28.82,47.72 15 0
github.com/lleite/aicockpit/cmd/info.go:47.72,50.3 2 0
github.com/lleite/aicockpit/cmd/info.go:52.2,58.37 5 0
github.com/lleite/aicockpit/cmd/info.go:58.37,60.3 1 0
github.com/lleite/aicockpit/cmd/info.go:60.8,61.33 1 0
github.com/lleite/aicockpit/cmd/info.go:61.33,62.21 1 0
github.com/lleite/aicockpit/cmd/info.go:62.21,64.5 1 0
github.com/lleite/aicockpit/cmd/info.go:68.2,70.12 3 0
github.com/lleite/aicockpit/cmd/kb.go:16.96,32.2 8 1
github.com/lleite/aicockpit/cmd/kb.go:35.102,44.55 3 2
github.com/lleite/aicockpit/cmd/kb.go:44.55,49.23 3 0
github.com/lleite/aicockpit/cmd/kb.go:49.23,52.5 2 0
github.com/lleite/aicockpit/cmd/kb.go:55.4,62.18 4 0
github.com/lleite/aicockpit/cmd/kb.go:62.18,64.5 1 0
github.com/lleite/aicockpit/cmd/kb.go:66.4,66.33 1 0
github.com/lleite/aicockpit/cmd/kb.go:66.33,69.5 2 0
github.com/lleite/aicockpit/cmd/kb.go:72.4,72.49 1 0
github.com/lleite/aicockpit/cmd/kb.go:72.49,75.5 2 0
github.com/lleite/aicockpit/cmd/kb.go:78.4,78.18 1 0
github.com/lleite/aicockpit/cmd/kb.go:79.16,80.31 1 0
github.com/lleite/aicockpit/cmd/kb.go:81.17,82.32 1 0
github.com/lleite/aicockpit/cmd/kb.go:83.12,84.34 1 0
github.com/lleite/aicockpit/cmd/kb.go:89.2,92.18 3 2
github.com/lleite/aicockpit/cmd/kb.go:96.100,103.55 2 2
github.com/lleite/aicockpit/cmd/kb.go:103.55,106.23 2 0
github.com/lleite/aicockpit/cmd/kb.go:106.23,109.5 2 0
github.com/lleite/aicockpit/cmd/kb.go:112.4,119.18 4 0
github.com/lleite/aicockpit/cmd/kb.go:119.18,121.5 1 0
github.com/lleite/aicockpit/cmd/kb.go:123.4,123.27 1 0
github.com/lleite/aicockpit/cmd/kb.go:123.27,126.5 2 0
github.com/lleite/aicockpit/cmd/kb.go:129.4,129.18 1 0
github.com/lleite/aicockpit/cmd/kb.go:130.16,131.42 1 0
github.com/lleite/aicockpit/cmd/kb.go:132.17,133.43 1 0
github.com/lleite/aicockpit/cmd/kb.go:134.12,135.45 1 0
github.com/lleite/aicockpit/cmd/kb.go:140.2,142.16 2 2
github.com/lleite/aicockpit/cmd/kb.go:146.99,152.55 1 2
github.com/lleite/aicockpit/cmd/kb.go:152.55,165.4 6 0
github.com/lleite/aicockpit/cmd/kb.go:168.2,168.15 1 2
github.com/lleite/aicockpit/cmd/kb.go:172.102,178.55 1 2
github.com/lleite/aicockpit/cmd/kb.go:178.55,191.4 6 0
github.com/lleite/aicockpit/cmd/kb.go:194.2,194.18 1 2
github.com/lleite/aicockpit/cmd/kb.go:198.100,211.2 5 2
github.com/lleite/aicockpit/cmd/kb.go:214.103,220.55 1 2
github.com/lleite/aicockpit/cmd/kb.go:220.55,231.18 5 0
github.com/lleite/aicockpit/cmd/kb.go:231.18,233.5 1 0
github.com/lleite/aicockpit/cmd/kb.go:236.4,237.37 2 0
github.com/lleite/aicockpit/cmd/kb.go:237.37,239.5 1 0
github.com/lleite/aicockpit/cmd/kb.go:241.4,242.14 2 0
github.com/lleite/aicockpit/cmd/kb.go:246.2,246.15 1 2
github.com/lleite/aicockpit/cmd/kb.go:250.106,256.55 1 2
github.com/lleite/aicockpit/cmd/kb.go:256.55,267.18 5 0
github.com/lleite/aicockpit/cmd/kb.go:267.18,269.5 1 0
github.com/lleite/aicockpit/cmd/kb.go:272.4,273.37 2 0
github.com/lleite/aicockpit/cmd/kb.go:273.37,275.5 1 0
github.com/lleite/aicockpit/cmd/kb.go:277.4,278.14 2 0
github.com/lleite/aicockpit/cmd/kb.go:282.2,282.18 1 2
github.com/lleite/aicockpit/cmd/kb.go:286.104,291.55 1 3
github.com/lleite/aicockpit/cmd/kb.go:291.55,293.23 2 1
github.com/lleite/aicockpit/cmd/kb.go:293.23,296.5 2 0
github.com/lleite/aicockpit/cmd/kb.go:298.4,299.31 2 1
github.com/lleite/aicockpit/cmd/kb.go:299.31,301.5 1 2
github.com/lleite/aicockpit/cmd/kb.go:303.4,303.14 1 1
github.com/lleite/aicockpit/cmd/kb.go:307.2,307.16 1 3
github.com/lleite/aicockpit/cmd/kb.go:311.108,316.55 1 2
github.com/lleite/aicockpit/cmd/kb.go:316.55,319.23 2 1
github.com/lleite/aicockpit/cmd/kb.go:319.23,322.5 2 0
github.com/lleite/aicockpit/cmd/kb.go:325.4,333.18 5 1
github.com/lleite/aicockpit/cmd/kb.go:333.18,335.5 1 0
github.com/lleite/aicockpit/cmd/kb.go:338.4,339.18 2 1
github.com/lleite/aicockpit/cmd/kb.go:339.18,341.5 1 0
github.com/lleite/aicockpit/cmd/kb.go:343.4,346.14 3 1
github.com/lleite/aicockpit/cmd/kb.go:350.2,350.19 1 2
github.com/lleite/aicockpit/cmd/kb.go:354.50,356.16 2 1
github.com/lleite/aicockpit/cmd/kb.go:356.16,358.3 1 0
github.com/lleite/aicockpit/cmd/kb.go:359.2,360.12 2 1
github.com/lleite/aicockpit/cmd/kb.go:364.53,368.41 3 1
github.com/lleite/aicockpit/cmd/kb.go:368.41,375.3 6 1
github.com/lleite/aicockpit/cmd/kb.go:377.2,377.12 1 1
github.com/lleite/aicockpit/cmd/kb.go:381.51,390.41 5 1
github.com/lleite/aicockpit/cmd/kb.go:390.41,392.22 2 1
github.com/lleite/aicockpit/cmd/kb.go:392.22,394.4 1 0
github.com/lleite/aicockpit/cmd/kb.go:396.3,397.21 2 1
github.com/lleite/aicockpit/cmd/kb.go:397.21,399.4 1 0
github.com/lleite/aicockpit/cmd/kb.go:401.3,401.100 1 1
github.com/lleite/aicockpit/cmd/kb.go:404.2,404.12 1 1
github.com/lleite/aicockpit/cmd/kb.go:408.58,418.32 3 1
github.com/lleite/aicockpit/cmd/kb.go:418.32,426.3 1 1
github.com/lleite/aicockpit/cmd/kb.go:428.2,429.16 2 1
github.com/lleite/aicockpit/cmd/kb.go:429.16,431.3 1 0
github.com/lleite/aicockpit/cmd/kb.go:432.2,433.12 2 1
github.com/lleite/aicockpit/cmd/kb.go:437.61,440.32 2 1
github.com/lleite/aicockpit/cmd/kb.go:440.32,446.3 5 1
github.com/lleite/aicockpit/cmd/kb.go:448.2,448.12 1 1
github.com/lleite/aicockpit/cmd/kb.go:452.59,460.32 4 1
github.com/lleite/aicockpit/cmd/kb.go:460.32,462.22 2 1
github.com/lleite/aicockpit/cmd/kb.go:462.22,464.4 1 0
github.com/lleite/aicockpit/cmd/kb.go:466.3,467.19 2 1
github.com/lleite/aicockpit/cmd/kb.go:467.19,469.4 1 0
github.com/lleite/aicockpit/cmd/kb.go:471.3,472.21 2 1
github.com/lleite/aicockpit/cmd/kb.go:472.21,474.4 1 0
github.com/lleite/aicockpit/cmd/kb.go:476.3,476.57 1 1
github.com/lleite/aicockpit/cmd/kb.go:479.2,479.12 1 1
github.com/lleite/aicockpit/cmd/metrics.go:17.101,29.2 5 0
github.com/lleite/aicockpit/cmd/metrics.go:32.105,43.55 2 0
github.com/lleite/aicockpit/cmd/metrics.go:43.55,45.4 1 0
github.com/lleite/aicockpit/cmd/metrics.go:48.2,53.12 5 0
github.com/lleite/aicockpit/cmd/metrics.go:57.106,61.55 1 0
github.com/lleite/aicockpit/cmd/metrics.go:61.55,63.4 1 0
github.com/lleite/aicockpit/cmd/metrics.go:68.105,74.55 2 0
github.com/lleite/aicockpit/cmd/metrics.go:74.55,76.4 1 0
github.com/lleite/aicockpit/cmd/metrics.go:79.2,81.12 2 0
github.com/lleite/aicockpit/cmd/metrics.go:84.137,89.41 3 0
github.com/lleite/aicockpit/cmd/metrics.go:89.41,90.44 1 0
github.com/lleite/aicockpit/cmd/metrics.go:90.44,91.12 1 0
github.com/lleite/aicockpit/cmd/metrics.go:93.3,93.41 1 0
github.com/lleite/aicockpit/cmd/metrics.go:93.41,94.12 1 0
github.com/lleite/aicockpit/cmd/metrics.go:96.3,96.20 1 0
github.com/lleite/aicockpit/cmd/metrics.go:96.20,98.18 2 0
github.com/lleite/aicockpit/cmd/metrics.go:98.18,101.5 2 0
github.com/lleite/aicockpit/cmd/metrics.go:102.4,102.75 1 0
github.com/lleite/aicockpit/cmd/metrics.go:102.75,103.13 1 0
github.com/lleite/aicockpit/cmd/metrics.go:106.3,106.33 1 0
github.com/lleite/aicockpit/cmd/metrics.go:110.2,110.40 1 0
github.com/lleite/aicockpit/cmd/metrics.go:110.40,112.3 1 0
github.com/lleite/aicockpit/cmd/metrics.go:115.2,119.24 4 0
github.com/lleite/aicockpit/cmd/metrics.go:119.24,122.3 2 0
github.com/lleite/aicockpit/cmd/metrics.go:124.2,124.29 1 0
github.com/lleite/aicockpit/cmd/metrics.go:124.29,131.20 7 0
github.com/lleite/aicockpit/cmd/metrics.go:131.20,133.4 1 0
github.com/lleite/aicockpit/cmd/metrics.go:134.3,134.16 1 0
github.com/lleite/aicockpit/cmd/metrics.go:137.2,139.12 2 0
github.com/lleite/aicockpit/cmd/metrics.go:142.84,154.60 9 0
github.com/lleite/aicockpit/cmd/metrics.go:154.60,156.3 1 0
github.com/lleite/aicockpit/cmd/metrics.go:158.2,163.60 5 0
github.com/lleite/aicockpit/cmd/metrics.go:163.60,164.36 1 0
github.com/lleite/aicockpit/cmd/metrics.go:164.36,166.4 1 0
github.com/lleite/aicockpit/cmd/metrics.go:169.2,171.65 3 0
github.com/lleite/aicockpit/cmd/metrics.go:171.65,172.27 1 0
github.com/lleite/aicockpit/cmd/metrics.go:172.27,174.4 1 0
github.com/lleite/aicockpit/cmd/metrics.go:174.9,175.43 1 0
github.com/lleite/aicockpit/cmd/metrics.go:175.43,177.5 1 0
github.com/lleite/aicockpit/cmd/metrics.go:181.2,181.12 1 0
github.com/lleite/aicockpit/cmd/metrics.go:184.99,190.19 4 0
github.com/lleite/aicockpit/cmd/metrics.go:190.19,192.17 2 0
github.com/lleite/aicockpit/cmd/metrics.go:192.17,195.4 2 0
github.com/lleite/aicockpit/cmd/metrics.go:196.3,197.45 2 0
github.com/lleite/aicockpit/cmd/metrics.go:197.45,199.4 1 0
github.com/lleite/aicockpit/cmd/metrics.go:200.8,202.17 2 0
github.com/lleite/aicockpit/cmd/metrics.go:202.17,205.4 2 0
github.com/lleite/aicockpit/cmd/metrics.go:208.2,212.20 4 0
github.com/lleite/aicockpit/cmd/metrics.go:212.20,215.3 2 0
github.com/lleite/aicockpit/cmd/metrics.go:217.2,217.31 1 0
github.com/lleite/aicockpit/cmd/metrics.go:217.31,219.17 2 0
github.com/lleite/aicockpit/cmd/metrics.go:219.17,220.12 1 0
github.com/lleite/aicockpit/cmd/metrics.go:223.3,229.17 5 0
github.com/lleite/aicockpit/cmd/metrics.go:229.17,232.4 2 0
github.com/lleite/aicockpit/cmd/metrics.go:234.3,234.16 1 0
github.com/lleite/aicockpit/cmd/metrics.go:237.2,237.12 1 0
github.com/lleite/aicockpit/cmd/root.go:11.98,16.61 1 0
github.com/lleite/aicockpit/cmd/root.go:16.61,18.4 1 0
github.com/lleite/aicockpit/cmd/root.go:22.2,33.16 9 0
github.com/lleite/aicockpit/cmd/setup.go:17.99,22.55 1 0
github.com/lleite/aicockpit/cmd/setup.go:22.55,24.4 1 0
github.com/lleite/aicockpit/cmd/setup.go:28.83,63.41 26 0
github.com/lleite/aicockpit/cmd/setup.go:63.41,66.3 2 0
github.com/lleite/aicockpit/cmd/setup.go:68.2,76.12 6 0
github.com/lleite/aicockpit/cmd/setup.go:80.66,88.53 6 0
github.com/lleite/aicockpit/cmd/setup.go:88.53,90.3 1 0
github.com/lleite/aicockpit/cmd/setup.go:92.2,92.25 1 0
github.com/lleite/aicockpit/cmd/uninstall.go:17.103,22.55 1 0
github.com/lleite/aicockpit/cmd/uninstall.go:22.55,24.4 1 0
github.com/lleite/aicockpit/cmd/uninstall.go:28.87,40.70 7 0
github.com/lleite/aicockpit/cmd/uninstall.go:40.70,45.3 4 0
github.com/lleite/aicockpit/cmd/uninstall.go:48.2,48.49 1 0
github.com/lleite/aicockpit/cmd/uninstall.go:48.49,52.3 3 0
github.com/lleite/aicockpit/cmd/uninstall.go:54.2,58.12 4 0
github.com/lleite/aicockpit/internal/config/config.go:54.29,56.2 1 31
github.com/lleite/aicockpit/internal/config/config.go:59.29,61.2 1 22
github.com/lleite/aicockpit/internal/config/config.go:64.30,68.55 2 1
github.com/lleite/aicockpit/internal/config/config.go:68.55,70.3 1 1
github.com/lleite/aicockpit/internal/config/config.go:73.2,74.16 2 0
github.com/lleite/aicockpit/internal/config/config.go:74.16,76.3 1 0
github.com/lleite/aicockpit/internal/config/config.go:78.2,79.51 2 0
github.com/lleite/aicockpit/internal/config/config.go:79.51,81.3 1 0
github.com/lleite/aicockpit/internal/config/config.go:84.2,84.23 1 0
github.com/lleite/aicockpit/internal/config/config.go:84.23,86.3 1 0
github.com/lleite/aicockpit/internal/config/config.go:87.2,87.24 1 0
github.com/lleite/aicockpit/internal/config/config.go:87.24,89.3 1 0
github.com/lleite/aicockpit/internal/config/config.go:90.2,90.24 1 0
github.com/lleite/aicockpit/internal/config/config.go:90.24,92.3 1 0
github.com/lleite/aicockpit/internal/config/config.go:93.2,93.26 1 0
github.com/lleite/aicockpit/internal/config/config.go:93.26,95.3 1 0
github.com/lleite/aicockpit/internal/config/config.go:97.2,97.18 1 0
github.com/lleite/aicockpit/internal/config/config.go:101.39,118.27 3 1
github.com/lleite/aicockpit/internal/config/config.go:118.27,119.49 1 10
github.com/lleite/aicockpit/internal/config/config.go:119.49,121.4 1 0
github.com/lleite/aicockpit/internal/config/config.go:124.2,132.34 2 1
github.com/lleite/aicockpit/internal/config/config.go:132.34,134.3 1 0
github.com/lleite/aicockpit/internal/config/config.go:136.2,136.17 1 1
github.com/lleite/aicockpit/internal/config/config.go:140.30,144.16 3 19
github.com/lleite/aicockpit/internal/config/config.go:144.16,146.3 1 0
github.com/lleite/aicockpit/internal/config/config.go:148.2,148.62 1 19
github.com/lleite/aicockpit/internal/config/config.go:148.62,150.3 1 0
github.com/lleite/aicockpit/internal/config/config.go:152.2,152.12 1 19
github.com/lleite/aicockpit/internal/config/config.go:156.63,157.34 1 1
github.com/lleite/aicockpit/internal/config/config.go:157.34,158.14 1 3
github.com/lleite/aicockpit/internal/config/config.go:159.19,160.35 1 1
github.com/lleite/aicockpit/internal/config/config.go:160.35,162.5 1 1
github.com/lleite/aicockpit/internal/config/config.go:163.20,164.35 1 1
github.com/lleite/aicockpit/internal/config/config.go:164.35,166.5 1 1
github.com/lleite/aicockpit/internal/config/config.go:167.22,168.35 1 1
github.com/lleite/aicockpit/internal/config/config.go:168.35,170.5 1 1
github.com/lleite/aicockpit/internal/config/config.go:174.2,174.16 1 1
github.com/lleite/aicockpit/internal/config/config.go:178.31,180.2 1 0
github.com/lleite/aicockpit/internal/config/config.go:183.56,184.34 1 10
github.com/lleite/aicockpit/internal/config/config.go:184.34,186.3 1 3
github.com/lleite/aicockpit/internal/config/config.go:189.2,189.42 1 10
github.com/lleite/aicockpit/internal/config/config.go:189.42,190.20 1 12
github.com/lleite/aicockpit/internal/config/config.go:190.20,192.4 1 0
github.com/lleite/aicockpit/internal/config/config.go:195.2,196.16 2 10
github.com/lleite/aicockpit/internal/config/config.go:200.57,201.34 1 1
github.com/lleite/aicockpit/internal/config/config.go:201.34,203.3 1 0
github.com/lleite/aicockpit/internal/config/config.go:205.2,206.42 2 1
github.com/lleite/aicockpit/internal/config/config.go:206.42,207.20 1 3
github.com/lleite/aicockpit/internal/config/config.go:207.20,209.4 1 2
github.com/lleite/aicockpit/internal/config/config.go:212.2,213.16 2 1
github.com/lleite/aicockpit/internal/config/config.go:217.58,218.34 1 10
github.com/lleite/aicockpit/internal/config/config.go:218.34,220.3 1 0
github.com/lleite/aicockpit/internal/config/config.go:222.2,222.42 1 10
github.com/lleite/aicockpit/internal/config/config.go:222.42,223.20 1 21
github.com/lleite/aicockpit/internal/config/config.go:223.20,225.4 1 9
github.com/lleite/aicockpit/internal/config/config.go:228.2,228.14 1 1
github.com/lleite/aicockpit/internal/config/config.go:232.49,233.34 1 3
github.com/lleite/aicockpit/internal/config/config.go:233.34,235.3 1 0
github.com/lleite/aicockpit/internal/config/config.go:236.2,236.30 1 3
github.com/lleite/aicockpit/internal/config/config.go:240.63,241.55 1 5
github.com/lleite/aicockpit/internal/config/config.go:241.55,243.3 1 2
github.com/lleite/aicockpit/internal/config/config.go:244.2,244.55 1 5
github.com/lleite/aicockpit/internal/config/config.go:244.55,246.3 1 1
github.com/lleite/aicockpit/internal/config/config.go:247.2,247.66 1 5
github.com/lleite/aicockpit/internal/config/config.go:247.66,249.3 1 1
github.com/lleite/aicockpit/internal/config/config.go:250.2,250.72 1 5
github.com/lleite/aicockpit/internal/config/config.go:250.72,252.3 1 1
github.com/lleite/aicockpit/internal/config/config.go:254.2,254.18 1 5
github.com/lleite/aicockpit/internal/config/config.go:255.15,256.33 1 2
github.com/lleite/aicockpit/internal/config/config.go:256.33,258.4 1 2
github.com/lleite/aicockpit/internal/config/config.go:259.15,260.33 1 1
github.com/lleite/aicockpit/internal/config/config.go:260.33,262.4 1 1
github.com/lleite/aicockpit/internal/config/config.go:263.21,264.38 1 1
github.com/lleite/aicockpit/internal/config/config.go:264.38,266.4 1 1
github.com/lleite/aicockpit/internal/config/config.go:267.24,268.41 1 1
github.com/lleite/aicockpit/internal/config/config.go:268.41,270.4 1 1
github.com/lleite/aicockpit/internal/config/config.go:271.10,272.54 1 0
github.com/lleite/aicockpit/internal/config/config.go:275.2,275.16 1 5
github.com/lleite/aicockpit/internal/config/config.go:279.58,280.18 1 9
github.com/lleite/aicockpit/internal/config/config.go:281.15,282.33 1 3
github.com/lleite/aicockpit/internal/config/config.go:282.33,284.4 1 2
github.com/lleite/aicockpit/internal/config/config.go:285.3,285.54 1 1
github.com/lleite/aicockpit/internal/config/config.go:286.15,287.33 1 2
github.com/lleite/aicockpit/internal/config/config.go:287.33,289.4 1 1
github.com/lleite/aicockpit/internal/config/config.go:290.3,290.52 1 1
github.com/lleite/aicockpit/internal/config/config.go:291.21,292.38 1 2
github.com/lleite/aicockpit/internal/config/config.go:292.38,294.4 1 1
github.com/lleite/aicockpit/internal/config/config.go:295.3,295.58 1 1
github.com/lleite/aicockpit/internal/config/config.go:296.24,297.41 1 2
github.com/lleite/aicockpit/internal/config/config.go:297.41,299.4 1 1
github.com/lleite/aicockpit/internal/config/config.go:300.3,300.61 1 1
github.com/lleite/aicockpit/internal/config/config.go:301.10,302.12 1 0
github.com/lleite/aicockpit/internal/providers/providers.go:43.71,46.28 2 1
github.com/lleite/aicockpit/internal/providers/providers.go:46.28,48.17 2 0
github.com/lleite/aicockpit/internal/providers/providers.go:48.17,50.4 1 0
github.com/lleite/aicockpit/internal/providers/providers.go:51.3,51.58 1 0
github.com/lleite/aicockpit/internal/providers/providers.go:55.2,56.16 2 1
github.com/lleite/aicockpit/internal/providers/providers.go:56.16,58.3 1 0
github.com/lleite/aicockpit/internal/providers/providers.go:61.2,62.54 2 1
github.com/lleite/aicockpit/internal/providers/providers.go:62.54,64.3 1 0
github.com/lleite/aicockpit/internal/providers/providers.go:66.2,66.21 1 1
github.com/lleite/aicockpit/internal/providers/providers.go:70.76,73.28 2 1
github.com/lleite/aicockpit/internal/providers/providers.go:73.28,75.17 2 0
github.com/lleite/aicockpit/internal/providers/providers.go:75.17,77.4 1 0
github.com/lleite/aicockpit/internal/providers/providers.go:78.3,78.58 1 0
github.com/lleite/aicockpit/internal/providers/providers.go:82.2,83.48 2 1
github.com/lleite/aicockpit/internal/providers/providers.go:83.48,85.3 1 0
github.com/lleite/aicockpit/internal/providers/providers.go:88.2,89.16 2 1
github.com/lleite/aicockpit/internal/providers/providers.go:89.16,91.3 1 0
github.com/lleite/aicockpit/internal/providers/providers.go:94.2,94.64 1 1
github.com/lleite/aicockpit/internal/providers/providers.go:94.64,96.3 1 0
github.com/lleite/aicockpit/internal/providers/providers.go:98.2,98.12 1 1
github.com/lleite/aicockpit/internal/providers/providers.go:102.62,103.24 1 13
github.com/lleite/aicockpit/internal/providers/providers.go:103.24,105.3 1 0
github.com/lleite/aicockpit/internal/providers/providers.go:106.2,106.26 1 13
github.com/lleite/aicockpit/internal/providers/providers.go:110.61,112.24 2 1
github.com/lleite/aicockpit/internal/providers/providers.go:112.24,114.3 1 0
github.com/lleite/aicockpit/internal/providers/providers.go:116.2,116.39 1 1
github.com/lleite/aicockpit/internal/providers/providers.go:116.39,117.23 1 3
github.com/lleite/aicockpit/internal/providers/providers.go:117.23,119.4 1 2
github.com/lleite/aicockpit/internal/providers/providers.go:122.2,122.16 1 1
github.com/lleite/aicockpit/internal/providers/providers.go:126.55,128.24 2 1
github.com/lleite/aicockpit/internal/providers/providers.go:128.24,130.3 1 0
github.com/lleite/aicockpit/internal/providers/providers.go:132.2,132.32 1 1
github.com/lleite/aicockpit/internal/providers/providers.go:132.32,134.3 1 3
github.com/lleite/aicockpit/internal/providers/providers.go:136.2,136.14 1 1
github.com/lleite/aicockpit/internal/providers/providers.go:140.61,142.21 2 1
github.com/lleite/aicockpit/internal/providers/providers.go:142.21,144.3 1 0
github.com/lleite/aicockpit/internal/providers/providers.go:146.2,147.12 2 1
github.com/lleite/aicockpit/internal/providers/providers.go:151.62,153.21 2 1
github.com/lleite/aicockpit/internal/providers/providers.go:153.21,155.3 1 0
github.com/lleite/aicockpit/internal/providers/providers.go:157.2,158.12 2 1
github.com/lleite/aicockpit/internal/providers/providers.go:162.63,164.21 2 2
github.com/lleite/aicockpit/internal/providers/providers.go:164.21,166.3 1 0
github.com/lleite/aicockpit/internal/providers/providers.go:167.2,167.25 1 2
github.com/lleite/aicockpit/internal/providers/providers.go:171.52,173.23 2 2
github.com/lleite/aicockpit/internal/providers/providers.go:173.23,175.3 1 0
github.com/lleite/aicockpit/internal/providers/providers.go:177.2,177.40 1 2
github.com/lleite/aicockpit/internal/providers/providers.go:177.40,178.22 1 9
github.com/lleite/aicockpit/internal/providers/providers.go:178.22,180.4 1 8
github.com/lleite/aicockpit/internal/providers/providers.go:183.2,183.17 1 2
github.com/lleite/aicockpit/internal/providers/providers.go:187.57,188.23 1 6
github.com/lleite/aicockpit/internal/providers/providers.go:188.23,190.3 1 0
github.com/lleite/aicockpit/internal/providers/providers.go:192.2,193.13 2 6
github.com/lleite/aicockpit/internal/providers/providers.go:193.13,195.3 1 1
github.com/lleite/aicockpit/internal/providers/providers.go:197.2,197.30 1 5
github.com/lleite/aicockpit/internal/providers/providers.go:201.58,202.23 1 1
github.com/lleite/aicockpit/internal/providers/providers.go:202.23,204.3 1 0
github.com/lleite/aicockpit/internal/providers/providers.go:206.2,207.13 2 1
github.com/lleite/aicockpit/internal/providers/providers.go:207.13,209.3 1 0
github.com/lleite/aicockpit/internal/providers/providers.go:212.2,213.33 2 1
github.com/lleite/aicockpit/internal/providers/providers.go:213.33,215.17 2 0
github.com/lleite/aicockpit/internal/providers/providers.go:215.17,217.4 1 0
github.com/lleite/aicockpit/internal/providers/providers.go:218.3,218.68 1 0
github.com/lleite/aicockpit/internal/providers/providers.go:221.2,221.61 1 1
github.com/lleite/aicockpit/internal/providers/providers.go:225.46,227.33 2 2
github.com/lleite/aicockpit/internal/providers/providers.go:227.33,229.17 2 1
github.com/lleite/aicockpit/internal/providers/providers.go:229.17,231.4 1 0
github.com/lleite/aicockpit/internal/providers/providers.go:232.3,232.68 1 1
github.com/lleite/aicockpit/internal/providers/providers.go:234.2,234.26 1 2
github.com/lleite/aicockpit/internal/providers/providers.go:238.78,239.24 1 1
github.com/lleite/aicockpit/internal/providers/providers.go:239.24,241.3 1 0
github.com/lleite/aicockpit/internal/providers/providers.go:243.2,243.44 1 1
github.com/lleite/aicockpit/internal/providers/providers.go:243.44,245.3 1 0
github.com/lleite/aicockpit/internal/providers/providers.go:247.2,248.12 2 1
github.com/lleite/aicockpit/internal/providers/providers.go:252.61,253.24 1 1
github.com/lleite/aicockpit/internal/providers/providers.go:253.24,255.3 1 0
github.com/lleite/aicockpit/internal/providers/providers.go:257.2,257.45 1 1
github.com/lleite/aicockpit/internal/providers/providers.go:257.45,259.3 1 0
github.com/lleite/aicockpit/internal/providers/providers.go:261.2,262.12 2 1
github.com/lleite/aicockpit/internal/providers/providers.go:266.37,267.18 1 5
github.com/lleite/aicockpit/internal/providers/providers.go:267.18,269.3 1 1
github.com/lleite/aicockpit/internal/providers/providers.go:271.2,271.23 1 4
github.com/lleite/aicockpit/internal/providers/providers.go:271.23,273.3 1 1
github.com/lleite/aicockpit/internal/providers/providers.go:275.2,275.47 1 3
github.com/lleite/aicockpit/internal/providers/providers.go:275.47,277.3 1 1
github.com/lleite/aicockpit/internal/providers/providers.go:279.2,279.12 1 2
github.com/lleite/aicockpit/internal/providers/providers.go:283.50,284.21 1 3
github.com/lleite/aicockpit/internal/providers/providers.go:284.21,286.3 1 1
github.com/lleite/aicockpit/internal/providers/providers.go:288.2,288.49 1 2
github.com/lleite/aicockpit/internal/providers/providers.go:288.49,290.3 1 1
github.com/lleite/aicockpit/internal/providers/providers.go:292.2,292.42 1 1
github.com/lleite/aicockpit/internal/providers/providers.go:292.42,293.45 1 1
github.com/lleite/aicockpit/internal/providers/providers.go:293.45,295.4 1 0
github.com/lleite/aicockpit/internal/providers/providers.go:298.2,298.12 1 1
