mode: atomic
github.com/lleite/aicockpit/cmd/doctor.go:16.98,21.55 1 0
github.com/lleite/aicockpit/cmd/doctor.go:21.55,23.4 1 0
github.com/lleite/aicockpit/cmd/doctor.go:27.82,43.47 12 0
github.com/lleite/aicockpit/cmd/doctor.go:43.47,45.3 1 0
github.com/lleite/aicockpit/cmd/doctor.go:45.8,48.3 2 0
github.com/lleite/aicockpit/cmd/doctor.go:51.2,52.47 2 0
github.com/lleite/aicockpit/cmd/doctor.go:52.47,54.3 1 0
github.com/lleite/aicockpit/cmd/doctor.go:54.8,57.3 2 0
github.com/lleite/aicockpit/cmd/doctor.go:60.2,61.46 2 0
github.com/lleite/aicockpit/cmd/doctor.go:61.46,63.3 1 0
github.com/lleite/aicockpit/cmd/doctor.go:63.8,66.3 2 0
github.com/lleite/aicockpit/cmd/doctor.go:69.2,70.45 2 0
github.com/lleite/aicockpit/cmd/doctor.go:70.45,72.3 1 0
github.com/lleite/aicockpit/cmd/doctor.go:72.8,75.3 2 0
github.com/lleite/aicockpit/cmd/doctor.go:78.2,79.49 2 0
github.com/lleite/aicockpit/cmd/doctor.go:79.49,81.3 1 0
github.com/lleite/aicockpit/cmd/doctor.go:81.8,84.3 2 0
github.com/lleite/aicockpit/cmd/doctor.go:87.2,88.46 2 0
github.com/lleite/aicockpit/cmd/doctor.go:88.46,90.3 1 0
github.com/lleite/aicockpit/cmd/doctor.go:90.8,93.3 2 0
github.com/lleite/aicockpit/cmd/doctor.go:95.2,97.11 2 0
github.com/lleite/aicockpit/cmd/doctor.go:97.11,100.3 2 0
github.com/lleite/aicockpit/cmd/doctor.go:100.8,103.3 2 0
github.com/lleite/aicockpit/cmd/doctor.go:105.2,105.12 1 0
github.com/lleite/aicockpit/cmd/info.go:16.96,21.55 1 0
github.com/lleite/aicockpit/cmd/info.go:21.55,23.4 1 0
github.com/lleite/aicockpit/cmd/info.go:27.80,45.72 14 0
github.com/lleite/aicockpit/cmd/info.go:45.72,48.3 2 0
github.com/lleite/aicockpit/cmd/info.go:50.2,56.37 5 0
github.com/lleite/aicockpit/cmd/info.go:56.37,58.3 1 0
github.com/lleite/aicockpit/cmd/info.go:58.8,59.33 1 0
github.com/lleite/aicockpit/cmd/info.go:59.33,60.21 1 0
github.com/lleite/aicockpit/cmd/info.go:60.21,62.5 1 0
github.com/lleite/aicockpit/cmd/info.go:66.2,67.12 2 0
github.com/lleite/aicockpit/cmd/root.go:11.96,16.61 1 0
github.com/lleite/aicockpit/cmd/root.go:16.61,18.4 1 0
github.com/lleite/aicockpit/cmd/root.go:22.2,31.16 7 0
github.com/lleite/aicockpit/cmd/setup.go:16.97,21.55 1 0
github.com/lleite/aicockpit/cmd/setup.go:21.55,23.4 1 0
github.com/lleite/aicockpit/cmd/setup.go:27.81,61.41 25 0
github.com/lleite/aicockpit/cmd/setup.go:61.41,64.3 2 0
github.com/lleite/aicockpit/cmd/setup.go:66.2,70.12 4 0
github.com/lleite/aicockpit/cmd/setup.go:74.66,82.53 6 0
github.com/lleite/aicockpit/cmd/setup.go:82.53,84.3 1 0
github.com/lleite/aicockpit/cmd/setup.go:86.2,86.25 1 0
github.com/lleite/aicockpit/cmd/uninstall.go:16.101,21.55 1 0
github.com/lleite/aicockpit/cmd/uninstall.go:21.55,23.4 1 0
github.com/lleite/aicockpit/cmd/uninstall.go:27.85,38.70 6 0
github.com/lleite/aicockpit/cmd/uninstall.go:38.70,42.3 3 0
github.com/lleite/aicockpit/cmd/uninstall.go:45.2,45.49 1 0
github.com/lleite/aicockpit/cmd/uninstall.go:45.49,48.3 2 0
github.com/lleite/aicockpit/cmd/uninstall.go:50.2,53.12 3 0
github.com/lleite/aicockpit/main.go:13.13,20.16 4 0
github.com/lleite/aicockpit/main.go:20.16,23.3 2 0
github.com/lleite/aicockpit/main.go:26.2,30.42 3 0
github.com/lleite/aicockpit/main.go:30.42,33.3 2 0
github.com/lleite/aicockpit/internal/logger/logger.go:27.20,28.17 1 3
github.com/lleite/aicockpit/internal/logger/logger.go:28.17,31.3 2 1
github.com/lleite/aicockpit/internal/logger/logger.go:32.2,32.17 1 3
github.com/lleite/aicockpit/internal/logger/logger.go:36.25,39.52 2 1
github.com/lleite/aicockpit/internal/logger/logger.go:39.52,42.3 2 0
github.com/lleite/aicockpit/internal/logger/logger.go:45.2,50.16 4 1
github.com/lleite/aicockpit/internal/logger/logger.go:50.16,53.3 2 0
github.com/lleite/aicockpit/internal/logger/logger.go:54.2,65.30 5 1
github.com/lleite/aicockpit/internal/logger/logger.go:69.32,73.22 3 0
github.com/lleite/aicockpit/internal/logger/logger.go:73.22,75.3 1 0
github.com/lleite/aicockpit/internal/logger/logger.go:76.2,76.12 1 0
github.com/lleite/aicockpit/internal/logger/logger.go:80.38,82.2 1 2
github.com/lleite/aicockpit/internal/i18n/i18n.go:21.39,22.17 1 1
github.com/lleite/aicockpit/internal/i18n/i18n.go:22.17,27.3 1 1
github.com/lleite/aicockpit/internal/i18n/i18n.go:28.2,28.17 1 1
github.com/lleite/aicockpit/internal/i18n/i18n.go:32.24,33.21 1 5
github.com/lleite/aicockpit/internal/i18n/i18n.go:33.21,35.3 1 0
github.com/lleite/aicockpit/internal/i18n/i18n.go:36.2,36.17 1 5
github.com/lleite/aicockpit/internal/i18n/i18n.go:40.51,44.2 3 4
github.com/lleite/aicockpit/internal/i18n/i18n.go:47.64,51.44 3 7
github.com/lleite/aicockpit/internal/i18n/i18n.go:51.44,52.31 1 7
github.com/lleite/aicockpit/internal/i18n/i18n.go:52.31,53.21 1 6
github.com/lleite/aicockpit/internal/i18n/i18n.go:53.21,55.5 1 1
github.com/lleite/aicockpit/internal/i18n/i18n.go:56.4,56.14 1 5
github.com/lleite/aicockpit/internal/i18n/i18n.go:61.2,61.41 1 1
github.com/lleite/aicockpit/internal/i18n/i18n.go:61.41,62.31 1 1
github.com/lleite/aicockpit/internal/i18n/i18n.go:62.31,63.21 1 0
github.com/lleite/aicockpit/internal/i18n/i18n.go:63.21,65.5 1 0
github.com/lleite/aicockpit/internal/i18n/i18n.go:66.4,66.14 1 0
github.com/lleite/aicockpit/internal/i18n/i18n.go:70.2,70.12 1 1
github.com/lleite/aicockpit/internal/i18n/i18n.go:74.50,167.2 1 1
github.com/lleite/aicockpit/internal/config/config.go:27.29,29.2 1 10
github.com/lleite/aicockpit/internal/config/config.go:32.29,34.2 1 6
github.com/lleite/aicockpit/internal/config/config.go:37.30,41.55 2 1
github.com/lleite/aicockpit/internal/config/config.go:41.55,43.3 1 1
github.com/lleite/aicockpit/internal/config/config.go:46.2,47.16 2 0
github.com/lleite/aicockpit/internal/config/config.go:47.16,49.3 1 0
github.com/lleite/aicockpit/internal/config/config.go:51.2,52.51 2 0
github.com/lleite/aicockpit/internal/config/config.go:52.51,54.3 1 0
github.com/lleite/aicockpit/internal/config/config.go:57.2,57.23 1 0
github.com/lleite/aicockpit/internal/config/config.go:57.23,59.3 1 0
github.com/lleite/aicockpit/internal/config/config.go:60.2,60.24 1 0
github.com/lleite/aicockpit/internal/config/config.go:60.24,62.3 1 0
github.com/lleite/aicockpit/internal/config/config.go:63.2,63.24 1 0
github.com/lleite/aicockpit/internal/config/config.go:63.24,65.3 1 0
github.com/lleite/aicockpit/internal/config/config.go:66.2,66.26 1 0
github.com/lleite/aicockpit/internal/config/config.go:66.26,68.3 1 0
github.com/lleite/aicockpit/internal/config/config.go:70.2,70.18 1 0
github.com/lleite/aicockpit/internal/config/config.go:74.39,91.27 3 1
github.com/lleite/aicockpit/internal/config/config.go:91.27,92.49 1 10
github.com/lleite/aicockpit/internal/config/config.go:92.49,94.4 1 0
github.com/lleite/aicockpit/internal/config/config.go:97.2,105.34 2 1
github.com/lleite/aicockpit/internal/config/config.go:105.34,107.3 1 0
github.com/lleite/aicockpit/internal/config/config.go:109.2,109.17 1 1
github.com/lleite/aicockpit/internal/config/config.go:113.30,117.16 3 3
github.com/lleite/aicockpit/internal/config/config.go:117.16,119.3 1 0
github.com/lleite/aicockpit/internal/config/config.go:121.2,121.62 1 3
github.com/lleite/aicockpit/internal/config/config.go:121.62,123.3 1 0
github.com/lleite/aicockpit/internal/config/config.go:125.2,125.12 1 3
github.com/lleite/aicockpit/internal/config/config.go:129.63,130.34 1 1
github.com/lleite/aicockpit/internal/config/config.go:130.34,131.14 1 3
github.com/lleite/aicockpit/internal/config/config.go:132.19,133.35 1 1
github.com/lleite/aicockpit/internal/config/config.go:133.35,135.5 1 1
github.com/lleite/aicockpit/internal/config/config.go:136.20,137.35 1 1
github.com/lleite/aicockpit/internal/config/config.go:137.35,139.5 1 1
github.com/lleite/aicockpit/internal/config/config.go:140.22,141.35 1 1
github.com/lleite/aicockpit/internal/config/config.go:141.35,143.5 1 1
github.com/lleite/aicockpit/internal/config/config.go:147.2,147.16 1 1
