mode: set
github.com/lleite/aicockpit/internal/kb/metadata.go:30.68,32.16 2 1
github.com/lleite/aicockpit/internal/kb/metadata.go:32.16,34.3 1 1
github.com/lleite/aicockpit/internal/kb/metadata.go:36.2,41.8 1 1
github.com/lleite/aicockpit/internal/kb/metadata.go:45.67,49.73 2 1
github.com/lleite/aicockpit/internal/kb/metadata.go:49.73,51.3 1 1
github.com/lleite/aicockpit/internal/kb/metadata.go:54.2,55.34 2 1
github.com/lleite/aicockpit/internal/kb/metadata.go:55.34,56.55 1 1
github.com/lleite/aicockpit/internal/kb/metadata.go:56.55,58.9 2 1
github.com/lleite/aicockpit/internal/kb/metadata.go:62.2,62.24 1 1
github.com/lleite/aicockpit/internal/kb/metadata.go:62.24,64.3 1 1
github.com/lleite/aicockpit/internal/kb/metadata.go:67.2,73.71 5 1
github.com/lleite/aicockpit/internal/kb/metadata.go:73.71,75.3 1 0
github.com/lleite/aicockpit/internal/kb/metadata.go:78.2,78.31 1 1
github.com/lleite/aicockpit/internal/kb/metadata.go:78.31,80.3 1 1
github.com/lleite/aicockpit/internal/kb/metadata.go:81.2,81.32 1 1
github.com/lleite/aicockpit/internal/kb/metadata.go:81.32,83.3 1 1
github.com/lleite/aicockpit/internal/kb/metadata.go:84.2,84.26 1 1
github.com/lleite/aicockpit/internal/kb/metadata.go:84.26,86.3 1 1
github.com/lleite/aicockpit/internal/kb/metadata.go:87.2,87.29 1 1
github.com/lleite/aicockpit/internal/kb/metadata.go:87.29,89.3 1 1
github.com/lleite/aicockpit/internal/kb/metadata.go:91.2,91.31 1 1
github.com/lleite/aicockpit/internal/kb/metadata.go:95.55,98.16 2 1
github.com/lleite/aicockpit/internal/kb/metadata.go:98.16,100.3 1 0
github.com/lleite/aicockpit/internal/kb/metadata.go:103.2,109.25 6 1
github.com/lleite/aicockpit/internal/kb/metadata.go:114.49,118.2 2 1
github.com/lleite/aicockpit/internal/kb/metadata.go:122.59,123.20 1 1
github.com/lleite/aicockpit/internal/kb/metadata.go:123.20,125.3 1 0
github.com/lleite/aicockpit/internal/kb/metadata.go:128.2,131.29 3 1
github.com/lleite/aicockpit/internal/kb/metadata.go:131.29,133.55 2 1
github.com/lleite/aicockpit/internal/kb/metadata.go:133.55,134.12 1 1
github.com/lleite/aicockpit/internal/kb/metadata.go:138.3,144.33 5 1
github.com/lleite/aicockpit/internal/kb/metadata.go:144.33,145.9 1 1
github.com/lleite/aicockpit/internal/kb/metadata.go:149.2,150.29 2 1
github.com/lleite/aicockpit/internal/kb/metadata.go:150.29,152.3 1 1
github.com/lleite/aicockpit/internal/kb/metadata.go:154.2,154.15 1 1
github.com/lleite/aicockpit/internal/kb/repository.go:16.57,20.2 1 1
github.com/lleite/aicockpit/internal/kb/repository.go:23.72,28.16 3 1
github.com/lleite/aicockpit/internal/kb/repository.go:28.16,30.3 1 1
github.com/lleite/aicockpit/internal/kb/repository.go:33.2,38.16 4 1
github.com/lleite/aicockpit/internal/kb/repository.go:38.16,40.3 1 0
github.com/lleite/aicockpit/internal/kb/repository.go:42.2,42.17 1 1
github.com/lleite/aicockpit/internal/kb/repository.go:46.74,51.16 3 1
github.com/lleite/aicockpit/internal/kb/repository.go:51.16,53.3 1 1
github.com/lleite/aicockpit/internal/kb/repository.go:55.2,55.19 1 1
github.com/lleite/aicockpit/internal/kb/repository.go:55.19,57.3 1 0
github.com/lleite/aicockpit/internal/kb/repository.go:59.2,62.85 2 1
github.com/lleite/aicockpit/internal/kb/repository.go:62.85,63.17 1 1
github.com/lleite/aicockpit/internal/kb/repository.go:63.17,65.4 1 0
github.com/lleite/aicockpit/internal/kb/repository.go:68.3,68.19 1 1
github.com/lleite/aicockpit/internal/kb/repository.go:68.19,70.4 1 1
github.com/lleite/aicockpit/internal/kb/repository.go:73.3,73.38 1 1
github.com/lleite/aicockpit/internal/kb/repository.go:73.38,75.4 1 1
github.com/lleite/aicockpit/internal/kb/repository.go:78.3,79.17 2 1
github.com/lleite/aicockpit/internal/kb/repository.go:79.17,81.4 1 0
github.com/lleite/aicockpit/internal/kb/repository.go:84.3,85.17 2 1
github.com/lleite/aicockpit/internal/kb/repository.go:85.17,89.4 2 0
github.com/lleite/aicockpit/internal/kb/repository.go:91.3,92.13 2 1
github.com/lleite/aicockpit/internal/kb/repository.go:95.2,95.16 1 1
github.com/lleite/aicockpit/internal/kb/repository.go:95.16,97.3 1 0
github.com/lleite/aicockpit/internal/kb/repository.go:99.2,99.23 1 1
github.com/lleite/aicockpit/internal/kb/repository.go:103.61,108.48 3 1
github.com/lleite/aicockpit/internal/kb/repository.go:108.48,110.3 1 0
github.com/lleite/aicockpit/internal/kb/repository.go:113.2,114.16 2 1
github.com/lleite/aicockpit/internal/kb/repository.go:114.16,116.3 1 0
github.com/lleite/aicockpit/internal/kb/repository.go:119.2,119.71 1 1
github.com/lleite/aicockpit/internal/kb/repository.go:119.71,121.3 1 0
github.com/lleite/aicockpit/internal/kb/repository.go:123.2,123.12 1 1
github.com/lleite/aicockpit/internal/kb/repository.go:127.61,130.44 2 1
github.com/lleite/aicockpit/internal/kb/repository.go:130.44,132.3 1 0
github.com/lleite/aicockpit/internal/kb/repository.go:134.2,134.12 1 1
github.com/lleite/aicockpit/internal/kb/search.go:15.57,19.2 1 1
github.com/lleite/aicockpit/internal/kb/search.go:22.96,23.17 1 1
github.com/lleite/aicockpit/internal/kb/search.go:23.17,29.3 1 1
github.com/lleite/aicockpit/internal/kb/search.go:31.2,33.32 2 1
github.com/lleite/aicockpit/internal/kb/search.go:33.32,35.16 2 1
github.com/lleite/aicockpit/internal/kb/search.go:35.16,50.4 2 1
github.com/lleite/aicockpit/internal/kb/search.go:54.2,54.42 1 1
github.com/lleite/aicockpit/internal/kb/search.go:54.42,56.3 1 1
github.com/lleite/aicockpit/internal/kb/search.go:58.2,62.8 1 1
github.com/lleite/aicockpit/internal/kb/search.go:74.40,81.2 1 1
github.com/lleite/aicockpit/internal/kb/search.go:89.76,90.17 1 1
github.com/lleite/aicockpit/internal/kb/search.go:90.17,92.3 1 1
github.com/lleite/aicockpit/internal/kb/search.go:94.2,95.24 2 1
github.com/lleite/aicockpit/internal/kb/search.go:95.24,97.3 1 0
github.com/lleite/aicockpit/internal/kb/search.go:99.2,118.22 10 1
github.com/lleite/aicockpit/internal/kb/search.go:118.22,120.3 1 1
github.com/lleite/aicockpit/internal/kb/search.go:122.2,122.19 1 1
github.com/lleite/aicockpit/internal/kb/search.go:126.77,128.2 1 0
github.com/lleite/aicockpit/internal/kb/search.go:131.85,134.2 1 1
github.com/lleite/aicockpit/internal/kb/search.go:137.38,150.30 6 1
github.com/lleite/aicockpit/internal/kb/search.go:150.30,151.18 1 1
github.com/lleite/aicockpit/internal/kb/search.go:151.18,153.4 1 1
github.com/lleite/aicockpit/internal/kb/search.go:156.2,156.17 1 1
github.com/lleite/aicockpit/internal/kb/search.go:161.66,162.38 1 1
github.com/lleite/aicockpit/internal/kb/search.go:162.38,164.3 1 1
github.com/lleite/aicockpit/internal/kb/search.go:166.2,169.35 3 1
github.com/lleite/aicockpit/internal/kb/search.go:169.35,170.48 1 1
github.com/lleite/aicockpit/internal/kb/search.go:170.48,172.4 1 1
github.com/lleite/aicockpit/internal/kb/search.go:176.2,176.53 1 1
github.com/lleite/aicockpit/internal/kb/search.go:181.67,182.42 1 1
github.com/lleite/aicockpit/internal/kb/search.go:182.42,184.3 1 1
github.com/lleite/aicockpit/internal/kb/search.go:186.2,187.35 2 1
github.com/lleite/aicockpit/internal/kb/search.go:187.35,188.28 1 1
github.com/lleite/aicockpit/internal/kb/search.go:188.28,189.90 1 1
github.com/lleite/aicockpit/internal/kb/search.go:189.90,191.10 2 1
github.com/lleite/aicockpit/internal/kb/search.go:196.2,196.53 1 1
github.com/lleite/aicockpit/internal/kb/search.go:201.71,202.41 1 1
github.com/lleite/aicockpit/internal/kb/search.go:202.41,204.3 1 1
github.com/lleite/aicockpit/internal/kb/search.go:206.2,209.35 3 1
github.com/lleite/aicockpit/internal/kb/search.go:209.35,213.3 2 1
github.com/lleite/aicockpit/internal/kb/search.go:215.2,215.23 1 1
github.com/lleite/aicockpit/internal/kb/search.go:215.23,217.3 1 1
github.com/lleite/aicockpit/internal/kb/search.go:220.2,221.21 2 1
github.com/lleite/aicockpit/internal/kb/search.go:221.21,223.3 1 0
github.com/lleite/aicockpit/internal/kb/search.go:225.2,228.19 2 1
github.com/lleite/aicockpit/internal/kb/search.go:228.19,230.3 1 1
github.com/lleite/aicockpit/internal/kb/search.go:232.2,232.22 1 1
